# JRE version: Java(TM) SE Runtime Environment (12.0.2+10) (build 12.0.2+10)
# Java VM: Java HotSpot(TM) 64-Bit Server VM (12.0.2+10, mixed mode, sharing, tiered, compressed oops, g1 gc, windows-amd64)
Heap:
 garbage-first heap   total 156672K, used 17901K [0x0000000701400000, 0x0000000800000000)
  region size 1024K, 3 young (3072K), 3 survivors (3072K)
 Metaspace       used 31032K, capacity 32062K, committed 32304K, reserved 1077248K
  class space    used 3960K, capacity 4354K, committed 4480K, reserved 1048576K
GC Heap History (10 events):
Event: 2.425 GC heap after
{Heap after GC invocations=3 (full 0):
 garbage-first heap   total 262144K, used 13230K [0x0000000701400000, 0x0000000800000000)
  region size 1024K, 9 young (9216K), 9 survivors (9216K)
 Metaspace       used 20513K, capacity 21175K, committed 21296K, reserved 1069056K
  class space    used 2441K, capacity 2676K, committed 2688K, reserved 1048576K
}
Event: 2.822 GC heap before
{Heap before GC invocations=4 (full 0):
 garbage-first heap   total 51200K, used 29614K [0x0000000701400000, 0x0000000800000000)
  region size 1024K, 25 young (25600K), 9 survivors (9216K)
 Metaspace       used 22240K, capacity 22993K, committed 23216K, reserved 1069056K
  class space    used 2766K, capacity 3070K, committed 3072K, reserved 1048576K
}
Event: 2.834 GC heap after
{Heap after GC invocations=5 (full 0):
 garbage-first heap   total 51200K, used 13926K [0x0000000701400000, 0x0000000800000000)
  region size 1024K, 1 young (1024K), 1 survivors (1024K)
 Metaspace       used 22240K, capacity 22993K, committed 23216K, reserved 1069056K
  class space    used 2766K, capacity 3070K, committed 3072K, reserved 1048576K
}
Event: 3.230 GC heap before
{Heap before GC invocations=5 (full 0):
 garbage-first heap   total 51200K, used 30310K [0x0000000701400000, 0x0000000800000000)
  region size 1024K, 18 young (18432K), 1 survivors (1024K)
 Metaspace       used 24049K, capacity 24903K, committed 25008K, reserved 1071104K
  class space    used 3021K, capacity 3322K, committed 3328K, reserved 1048576K
}
Event: 3.234 GC heap after
{Heap after GC invocations=6 (full 0):
 garbage-first heap   total 51200K, used 14498K [0x0000000701400000, 0x0000000800000000)
  region size 1024K, 2 young (2048K), 2 survivors (2048K)
 Metaspace       used 24049K, capacity 24903K, committed 25008K, reserved 1071104K
  class space    used 3021K, capacity 3322K, committed 3328K, reserved 1048576K
}
Event: 3.595 GC heap before
{Heap before GC invocations=6 (full 0):
 garbage-first heap   total 51200K, used 32930K [0x0000000701400000, 0x0000000800000000)
  region size 1024K, 20 young (20480K), 2 survivors (2048K)
 Metaspace       used 26222K, capacity 27082K, committed 27184K, reserved 1073152K
  class space    used 3323K, capacity 3654K, committed 3712K, reserved 1048576K
}
Event: 3.603 GC heap after
{Heap after GC invocations=7 (full 0):
 garbage-first heap   total 51200K, used 15576K [0x0000000701400000, 0x0000000800000000)
  region size 1024K, 3 young (3072K), 3 survivors (3072K)
 Metaspace       used 26222K, capacity 27082K, committed 27184K, reserved 1073152K
  class space    used 3323K, capacity 3654K, committed 3712K, reserved 1048576K
}
Event: 4.953 GC heap before
{Heap before GC invocations=7 (full 0):
 garbage-first heap   total 51200K, used 34008K [0x0000000701400000, 0x0000000800000000)
  region size 1024K, 21 young (21504K), 3 survivors (3072K)
 Metaspace       used 29132K, capacity 30165K, committed 30256K, reserved 1075200K
  class space    used 3778K, capacity 4150K, committed 4224K, reserved 1048576K
}
Event: 4.962 GC heap after
{Heap after GC invocations=8 (full 0):
 garbage-first heap   total 51200K, used 16982K [0x0000000701400000, 0x0000000800000000)
  region size 1024K, 3 young (3072K), 3 survivors (3072K)
 Metaspace       used 29132K, capacity 30165K, committed 30256K, reserved 1075200K
  class space    used 3778K, capacity 4150K, committed 4224K, reserved 1048576K
}
Event: 5.250 GC heap before
{Heap before GC invocations=8 (full 0):
 garbage-first heap   total 51200K, used 34390K [0x0000000701400000, 0x0000000800000000)
  region size 1024K, 21 young (21504K), 3 survivors (3072K)
 Metaspace       used 31032K, capacity 32062K, committed 32304K, reserved 1077248K
  class space    used 3960K, capacity 4354K, committed 4480K, reserved 1048576K
}

